-------------------------------------------------------------------------------
Test set: fr.unice.polytech.se.demo.PetManagerTest
-------------------------------------------------------------------------------
Tests run: 1, Failures: 0, Errors: 1, Skipped: 0, Time elapsed: 0.212 sec <<< FAILURE! - in fr.unice.polytech.se.demo.PetManagerTest
fr.unice.polytech.se.demo.PetManagerTest  Time elapsed: 0.212 sec  <<< ERROR!
java.lang.RuntimeException: Could not create new instance of class org.jboss.arquillian.test.impl.EventTestRunnerAdaptor
	at java.net.URLClassLoader$1.run(URLClassLoader.java:366)
	at java.net.URLClassLoader$1.run(URLClassLoader.java:355)
	at java.security.AccessController.doPrivileged(Native Method)
	at java.net.URLClassLoader.findClass(URLClassLoader.java:354)
	at java.lang.ClassLoader.loadClass(ClassLoader.java:425)
	at sun.misc.Launcher$AppClassLoader.loadClass(Launcher.java:308)
	at java.lang.ClassLoader.loadClass(ClassLoader.java:358)
	at java.lang.Class.getDeclaredConstructors0(Native Method)
	at java.lang.Class.privateGetDeclaredConstructors(Class.java:2585)
	at java.lang.Class.getConstructor0(Class.java:2885)
	at java.lang.Class.getDeclaredConstructor(Class.java:2058)
	at org.jboss.arquillian.core.impl.loadable.SecurityActions$1.run(SecurityActions.java:182)
	at org.jboss.arquillian.core.impl.loadable.SecurityActions$1.run(SecurityActions.java:179)
	at java.security.AccessController.doPrivileged(Native Method)
	at org.jboss.arquillian.core.impl.loadable.SecurityActions.getConstructor(SecurityActions.java:178)
	at org.jboss.arquillian.core.impl.loadable.SecurityActions.newInstance(SecurityActions.java:152)
	at org.jboss.arquillian.core.impl.loadable.JavaSPIExtensionLoader.createInstance(JavaSPIExtensionLoader.java:183)
	at org.jboss.arquillian.core.impl.loadable.JavaSPIExtensionLoader.createInstances(JavaSPIExtensionLoader.java:162)
	at org.jboss.arquillian.core.impl.loadable.JavaSPIExtensionLoader.all(JavaSPIExtensionLoader.java:65)
	at org.jboss.arquillian.core.impl.loadable.JavaSPIExtensionLoader.load(JavaSPIExtensionLoader.java:53)
	at org.jboss.arquillian.core.impl.loadable.LoadableExtensionLoader.load(LoadableExtensionLoader.java:73)
	at sun.reflect.NativeMethodAccessorImpl.invoke0(Native Method)
	at sun.reflect.NativeMethodAccessorImpl.invoke(NativeMethodAccessorImpl.java:57)
	at sun.reflect.DelegatingMethodAccessorImpl.invoke(DelegatingMethodAccessorImpl.java:43)
	at java.lang.reflect.Method.invoke(Method.java:606)
	at org.jboss.arquillian.core.impl.ObserverImpl.invoke(ObserverImpl.java:94)
	at org.jboss.arquillian.core.impl.EventContextImpl.invokeObservers(EventContextImpl.java:99)
	at org.jboss.arquillian.core.impl.EventContextImpl.proceed(EventContextImpl.java:81)
	at org.jboss.arquillian.core.impl.ManagerImpl.fire(ManagerImpl.java:135)
	at org.jboss.arquillian.core.impl.ManagerImpl.fire(ManagerImpl.java:115)
	at org.jboss.arquillian.core.impl.ManagerImpl.fireProcessing(ManagerImpl.java:316)
	at org.jboss.arquillian.core.impl.ManagerImpl.<init>(ManagerImpl.java:98)
	at sun.reflect.NativeConstructorAccessorImpl.newInstance0(Native Method)
	at sun.reflect.NativeConstructorAccessorImpl.newInstance(NativeConstructorAccessorImpl.java:57)
	at sun.reflect.DelegatingConstructorAccessorImpl.newInstance(DelegatingConstructorAccessorImpl.java:45)
	at java.lang.reflect.Constructor.newInstance(Constructor.java:526)
	at org.jboss.arquillian.core.spi.SecurityActions.newInstance(SecurityActions.java:156)
	at org.jboss.arquillian.core.spi.SecurityActions.newInstance(SecurityActions.java:111)
	at org.jboss.arquillian.core.spi.SecurityActions.newInstance(SecurityActions.java:97)
	at org.jboss.arquillian.core.spi.ManagerBuilder.create(ManagerBuilder.java:77)
	at org.jboss.arquillian.test.impl.EventTestRunnerAdaptor.<init>(EventTestRunnerAdaptor.java:55)
	at sun.reflect.NativeConstructorAccessorImpl.newInstance0(Native Method)
	at sun.reflect.NativeConstructorAccessorImpl.newInstance(NativeConstructorAccessorImpl.java:57)
	at sun.reflect.DelegatingConstructorAccessorImpl.newInstance(DelegatingConstructorAccessorImpl.java:45)
	at java.lang.reflect.Constructor.newInstance(Constructor.java:526)
	at org.jboss.arquillian.test.spi.SecurityActions.newInstance(SecurityActions.java:156)
	at org.jboss.arquillian.test.spi.SecurityActions.newInstance(SecurityActions.java:111)
	at org.jboss.arquillian.test.spi.SecurityActions.newInstance(SecurityActions.java:97)
	at org.jboss.arquillian.test.spi.TestRunnerAdaptorBuilder.build(TestRunnerAdaptorBuilder.java:52)
	at org.jboss.arquillian.junit.Arquillian.run(Arquillian.java:93)
	at org.apache.maven.surefire.junit4.JUnit4Provider.execute(JUnit4Provider.java:264)
	at org.apache.maven.surefire.junit4.JUnit4Provider.executeTestSet(JUnit4Provider.java:153)
	at org.apache.maven.surefire.junit4.JUnit4Provider.invoke(JUnit4Provider.java:124)

